\BOOKMARK [1][-]{section.1}{\376\377\000G\000i\036\333\000i\000\040\000t\000h\000i\036\307\000u\000\040\000\046\000\040\001\020\036\331\000n\000g\000\040\000l\036\361\000c\000\040\000N\000g\000h\000i\000\352\000n\000\040\000c\036\351\000u}{}% 1
\BOOKMARK [2][-]{subsection.1.1}{\376\377\000B\036\321\000i\000\040\000c\036\243\000n\000h\000\040\000T\000h\036\313\000\040\000t\000r\001\260\036\335\000n\000g\000\040\000v\000\340\000\040\000K\000h\036\321\000i\000\040\000l\001\260\036\343\000n\000g\000\040\000D\036\357\000\040\000l\000i\036\307\000u}{section.1}% 2
\BOOKMARK [2][-]{subsection.1.2}{\376\377\000G\000i\036\243\000\040\000t\000h\000u\000y\036\277\000t\000\040\000T\000h\036\313\000\040\000t\000r\001\260\036\335\000n\000g\000\040\000H\000i\036\307\000u\000\040\000q\000u\036\243\000\040\000\050\000E\000M\000H\000\051\000\040\000v\000\340\000\040\000G\000i\036\333\000i\000\040\000h\036\241\000n\000\040\000c\036\347\000a\000\040\000D\036\361\000\040\000b\000\341\000o}{section.1}% 3
\BOOKMARK [2][-]{subsection.1.3}{\376\377\001\020\036\331\000n\000g\000\040\000l\036\361\000c\000\040\000S\036\355\000\040\000d\036\345\000n\000g\000\040\000M\000\364\000\040\000h\000\354\000n\000h\000\040\000N\000g\000\364\000n\000\040\000n\000g\036\357\000\040\000L\036\333\000n\000\040\000\050\000L\000L\000M\000\051}{section.1}% 4
\BOOKMARK [1][-]{section.2}{\376\377\001\020\036\313\000n\000h\000\040\000n\000g\000h\001\051\000a\000\040\000B\000\340\000i\000\040\000t\000o\000\341\000n\000\040\000\050\000P\000r\000o\000b\000l\000e\000m\000\040\000D\000e\000f\000i\000n\000i\000t\000i\000o\000n\000\051}{}% 5
\BOOKMARK [2][-]{subsection.2.1}{\376\377\001\020\036\247\000u\000\040\000v\000\340\000o\000\040\000\050\000I\000n\000p\000u\000t\000s\000\051}{section.2}% 6
\BOOKMARK [2][-]{subsection.2.2}{\376\377\001\020\036\247\000u\000\040\000r\000a\000\040\000\050\000O\000u\000t\000p\000u\000t\000s\000\051\000\040\000v\000\340\000\040\000N\000h\000\343\000n\000\040\000\050\000L\000a\000b\000e\000l\000s\000\051}{section.2}% 7
\BOOKMARK [2][-]{subsection.2.3}{\376\377\000P\000h\001\260\001\241\000n\000g\000\040\000p\000h\000\341\000p\000\040\001\020\000\341\000n\000h\000\040\000g\000i\000\341\000\040\000\050\000E\000v\000a\000l\000u\000a\000t\000i\000o\000n\000\040\000M\000e\000t\000r\000i\000c\000s\000\051}{section.2}% 8
\BOOKMARK [2][-]{subsection.2.4}{\376\377\000R\000\340\000n\000g\000\040\000b\000u\036\331\000c\000\040\000N\000h\000\342\000n\000\040\000q\000u\036\243\000\040\000\050\000C\000a\000u\000s\000a\000l\000\040\000C\000o\000n\000s\000t\000r\000a\000i\000n\000t\000\051}{section.2}% 9
\BOOKMARK [1][-]{section.3}{\376\377\000P\000h\001\260\001\241\000n\000g\000\040\000p\000h\000\341\000p\000\040\000T\000e\000m\000p\000o\000r\000a\000l\000\040\000R\000e\000l\000a\000t\000i\000o\000n\000a\000l\000\040\000R\000e\000a\000s\000o\000n\000i\000n\000g\000\040\000\050\000T\000R\000R\000\051}{}% 10
\BOOKMARK [2][-]{subsection.3.1}{\376\377\000P\000h\000a\000\040\0001\000:\000\040\000B\000r\000a\000i\000n\000s\000t\000o\000r\000m\000\040\000\050\000K\000h\000a\000i\000\040\000p\000h\000\341\000\040\000M\036\321\000i\000\040\000q\000u\000a\000n\000\040\000h\036\307\000\051}{section.3}% 11
\BOOKMARK [2][-]{subsection.3.2}{\376\377\000P\000h\000a\000\040\0002\000:\000\040\000M\000e\000m\000o\000r\000y\000\040\000\050\000B\036\331\000\040\000n\000h\036\333\000\040\000P\000h\000\342\000n\000\040\000r\000\343\000\040\000t\000h\000e\000o\000\040\000T\000h\036\335\000i\000\040\000g\000i\000a\000n\000\051}{section.3}% 12
\BOOKMARK [2][-]{subsection.3.3}{\376\377\000P\000h\000a\000\040\0003\000:\000\040\000A\000t\000t\000e\000n\000t\000i\000o\000n\000\040\000\050\000T\036\255\000p\000\040\000t\000r\000u\000n\000g\000\040\000q\000u\000a\000\040\000P\000a\000g\000e\000R\000a\000n\000k\000\040\000T\000h\000i\000\352\000n\000\040\000v\036\313\000\051}{section.3}% 13
\BOOKMARK [2][-]{subsection.3.4}{\376\377\000P\000h\000a\000\040\0004\000:\000\040\000R\000e\000a\000s\000o\000n\000\040\000\050\000L\036\255\000p\000\040\000l\000u\036\255\000n\000\040\000T\036\325\000n\000g\000\040\000h\036\343\000p\000\051}{section.3}% 14
\BOOKMARK [1][-]{section.4}{\376\377\000T\000r\000u\000y\000\040\000h\036\323\000i\000\040\000T\001\003\000n\000g\000\040\000c\001\260\036\335\000n\000g\000\040\000L\036\313\000c\000h\000\040\000s\036\355\000\040\000\050\000C\000a\000u\000s\000a\000l\000\040\000R\000A\000G\000\051}{}% 15
\BOOKMARK [2][-]{subsection.4.1}{\376\377\000C\001\241\000\040\000c\000h\036\277\000\040\000H\000o\036\241\000t\000\040\001\021\036\331\000n\000g\000\040\000c\036\347\000a\000\040\000C\000a\000u\000s\000a\000l\000\040\000R\000A\000G}{section.4}% 16
\BOOKMARK [1][-]{section.5}{\376\377\000K\000i\036\277\000n\000\040\000t\000r\000\372\000c\000\040\000H\036\307\000\040\000t\000h\036\321\000n\000g\000\040\000D\036\357\000\040\000l\000i\036\307\000u\000\040\000L\036\333\000n\000\040\000\050\000L\000a\000m\000b\000d\000a\000\040\000A\000r\000c\000h\000i\000t\000e\000c\000t\000u\000r\000e\000\051}{}% 17
\BOOKMARK [2][-]{subsection.5.1}{\376\377\000T\036\247\000n\000g\000\040\000B\000a\000t\000c\000h\000\040\000\050\000X\036\355\000\040\000l\000\375\000\040\000N\000g\000o\036\241\000i\000\040\000t\000u\000y\036\277\000n\000\040\000b\036\261\000n\000g\000\040\000G\000P\000U\000\051}{section.5}% 18
\BOOKMARK [2][-]{subsection.5.2}{\376\377\000T\036\247\000n\000g\000\040\000S\000p\000e\000e\000d\000\040\000\046\000\040\000T\036\247\000n\000g\000\040\000P\000h\036\345\000c\000\040\000v\036\345\000\040\000\050\000X\036\355\000\040\000l\000\375\000\040\000T\000h\036\335\000i\000\040\000g\000i\000a\000n\000\040\000t\000h\036\361\000c\000\051}{section.5}% 19
\BOOKMARK [1][-]{section.6}{\376\377\000K\000h\036\321\000i\000\040\000l\001\260\036\343\000n\000g\000\040\000D\036\357\000\040\000l\000i\036\307\000u\000\040\000\046\000\040\000T\000i\036\301\000n\000\040\000x\036\355\000\040\000l\000\375\000\040\000\050\000B\000i\000g\000\040\000D\000a\000t\000a\000\040\000P\000i\000p\000e\000l\000i\000n\000e\000\051}{}% 20
\BOOKMARK [2][-]{subsection.6.1}{\376\377\001\020\036\267\000c\000\040\000t\000\355\000n\000h\000\040\000D\036\357\000\040\000l\000i\036\307\000u\000\040\000K\000h\036\325\000n\000g\000\040\000l\036\323}{section.6}% 21
\BOOKMARK [2][-]{subsection.6.2}{\376\377\000A\000p\000a\000c\000h\000e\000\040\000S\000p\000a\000r\000k\000\040\000E\000T\000L\000\040\000v\000\340\000\040\001\020\036\313\000n\000h\000\040\000d\036\241\000n\000g\000\040\000P\000a\000r\000q\000u\000e\000t}{section.6}% 22
\BOOKMARK [1][-]{section.7}{\376\377\000T\000h\036\361\000c\000\040\000n\000g\000h\000i\036\307\000m\000\040\000\046\000\040\000K\036\277\000t\000\040\000q\000u\036\243\000\040\000C\000h\000u\000y\000\352\000n\000\040\000s\000\342\000u\000\040\000\050\000E\000m\000p\000i\000r\000i\000c\000a\000l\000\040\000R\000e\000s\000u\000l\000t\000s\000\051}{}% 23
\BOOKMARK [2][-]{subsection.7.1}{\376\377\000T\000h\036\361\000c\000\040\000n\000g\000h\000i\036\307\000m\000\040\000t\000r\000\352\000n\000\040\000H\000a\000i\000\040\000B\036\331\000\040\000D\036\357\000\040\000L\000i\036\307\000u\000\040\000\050\000D\000u\000a\000l\000-\000C\000o\000r\000p\000u\000s\000\040\000C\000a\000m\000p\000a\000i\000g\000n\000\051}{section.7}% 24
\BOOKMARK [3][-]{subsubsection.7.1.1}{\376\377\000K\036\277\000t\000\040\000q\000u\036\243\000\040\000t\000r\000\352\000n\000\040\000b\036\331\000\040\000A\000n\000a\000l\000y\000s\000t\000-\000r\000a\000t\000i\000n\000g\000s}{subsection.7.1}% 25
\BOOKMARK [3][-]{subsubsection.7.1.2}{\376\377\000K\036\277\000t\000\040\000q\000u\036\243\000\040\000T\000o\000\340\000n\000\040\000C\000o\000r\000p\000u\000s\000\040\000F\000N\000S\000P\000I\000D\000\040\0002\0000\0001\0006\000-\0002\0000\0002\0003}{subsection.7.1}% 26
\BOOKMARK [2][-]{subsection.7.2}{\376\377\000C\000h\036\241\000y\000\040\000t\000h\036\361\000c\000\040\000n\000g\000h\000i\036\307\000m\000\040\000t\000r\000\352\000n\000\040\000C\000r\000y\000p\000t\000o\000\040\000\046\000\040\000K\000h\036\243\000o\000\040\000s\000\341\000t\000\040\0001\0004\000B\000\040\000v\000s\000\040\0003\0002\000B}{section.7}% 27
\BOOKMARK [2][-]{subsection.7.3}{\376\377\000D\036\361\000\040\001\021\000o\000\341\000n\000\040\000P\000e\000r\000-\000A\000s\000s\000e\000t\000\040\000\050\000T\036\353\000n\000g\000\040\000M\000\343\000\040\000T\000\340\000i\000\040\000S\036\243\000n\000\040\000R\000i\000\352\000n\000g\000\040\000L\036\273\000\051}{section.7}% 28
\BOOKMARK [1][-]{section.8}{\376\377\001\020\000\341\000n\000h\000\040\000g\000i\000\341\000\040\000K\000i\000n\000h\000\040\000t\036\277\000\040\000h\036\315\000c\000\040\000\050\000E\000c\000o\000n\000o\000m\000i\000c\000\040\000B\000a\000c\000k\000t\000e\000s\000t\000\051\000\040\000-\000\040\001\020\036\331\000t\000\040\000p\000h\000\341\000\040\036\350\000n\000g\000\040\000d\036\345\000n\000g}{}% 29
\BOOKMARK [2][-]{subsection.8.1}{\376\377\000C\000h\000i\036\277\000n\000\040\000l\001\260\036\343\000c\000\040\000G\000i\036\243\000m\000\040\000R\036\347\000i\000\040\000R\000o\000\040\000\050\000D\000e\000-\000r\000i\000s\000k\000\040\000O\000v\000e\000r\000l\000a\000y\000\040\000S\000t\000r\000a\000t\000e\000g\000y\000\051}{section.8}% 30
\BOOKMARK [2][-]{subsection.8.2}{\376\377\000G\000i\000\341\000\040\000t\000r\036\313\000\040\000G\000i\000a\000\040\000t\001\003\000n\000g\000\040\000C\036\255\000n\000\040\000b\000i\000\352\000n\000\040\000\050\000I\000n\000c\000r\000e\000m\000e\000n\000t\000a\000l\000\040\000V\000a\000l\000u\000e\000\051}{section.8}% 31
\BOOKMARK [1][-]{section.9}{\376\377\000C\000\341\000c\000\040\000k\036\371\000\040\000t\000h\000u\036\255\000t\000\040\000N\000\342\000n\000g\000\040\000c\000a\000o\000\040\000\046\000\040\000P\000h\000\342\000n\000\040\000t\000\355\000c\000h\000\040\000T\000h\036\245\000t\000\040\000b\036\241\000i\000\040\000T\000r\000u\000n\000g\000\040\000t\000h\036\361\000c}{}% 32
\BOOKMARK [2][-]{subsection.9.1}{\376\377\001\020\036\331\000\040\000H\000i\036\307\000u\000\040\000c\000h\000u\036\251\000n\000\040\000X\000\341\000c\000\040\000s\000u\036\245\000t\000\040\000\050\000C\000a\000l\000i\000b\000r\000a\000t\000i\000o\000n\000\051}{section.9}% 33
\BOOKMARK [2][-]{subsection.9.2}{\376\377\001\020\036\331\000\040\000C\036\243\000n\000h\000\040\000b\000\341\000o\000\040\000S\036\333\000m\000\040\000\050\000P\000r\000e\000c\000i\000s\000i\000o\000n\000@\000K\000\051}{section.9}% 34
\BOOKMARK [2][-]{subsection.9.3}{\376\377\000M\000e\000t\000a\000-\000L\000e\000a\000r\000n\000e\000r\000\040\000\046\000\040\000M\036\241\000n\000g\000\040\000N\000e\000u\000r\000a\000l\000\040\001\020\036\323\000\040\000t\000h\036\313\000\040\000\050\000G\000N\000N\000\051\000\040\000b\036\313\000\040\000O\000v\000e\000r\000f\000i\000t}{section.9}% 35
\BOOKMARK [1][-]{section.10}{\376\377\000T\036\325\000n\000g\000\040\000k\036\277\000t}{}% 36
\BOOKMARK [2][-]{subsection.10.1}{\376\377\000T\000h\000\340\000n\000h\000\040\000t\036\361\000u\000\040\000C\000h\000\355\000n\000h}{section.10}% 37
\BOOKMARK [2][-]{subsection.10.2}{\376\377\000H\001\260\036\333\000n\000g\000\040\000P\000h\000\341\000t\000\040\000t\000r\000i\036\303\000n\000\040\000M\036\337\000\040\000r\036\331\000n\000g}{section.10}% 38
